2025-04-27 19:51:21,589 - ERROR - 数据库版本不一致，当前版本为:0，需要升级到:3。
2025-04-27 19:51:21,589 - INFO - 开始升级数据库DDL版本，从 0 到 3
2025-04-27 19:51:21,617 - INFO - 升级数据库DDL版本成功
2025-04-27 19:51:21,618 - INFO - 开始升级数据库DML版本，从 0 到 3
2025-04-27 19:51:21,625 - INFO - 升级数据库DML版本成功
2025-04-27 19:51:21,625 - INFO - 升级数据库成功
2025-04-27 19:51:22,132 - ERROR - ----app startup----
2025-04-27 19:51:22,132 - INFO - 数据集向量索引定时任务执行于: 2025-04-27 19:51:22
2025-04-27 19:51:22,135 - INFO - 数据集增强索引定时任务执行于: 2025-04-27 19:51:22
2025-04-27 19:51:52,136 - INFO - 数据集向量索引定时任务执行于: 2025-04-27 19:51:52
2025-04-27 19:51:52,141 - INFO - 数据集增强索引定时任务执行于: 2025-04-27 19:51:52
2025-04-27 19:52:22,141 - INFO - 数据集向量索引定时任务执行于: 2025-04-27 19:52:22
2025-04-27 19:52:22,147 - INFO - 数据集增强索引定时任务执行于: 2025-04-27 19:52:22
2025-04-27 19:52:52,147 - INFO - 数据集向量索引定时任务执行于: 2025-04-27 19:52:52
2025-04-27 19:52:52,149 - INFO - 数据集增强索引定时任务执行于: 2025-04-27 19:52:52
2025-04-27 19:53:22,151 - INFO - 数据集向量索引定时任务执行于: 2025-04-27 19:53:22
2025-04-27 19:53:22,163 - INFO - 数据集增强索引定时任务执行于: 2025-04-27 19:53:22
2025-04-27 19:53:52,165 - INFO - 数据集向量索引定时任务执行于: 2025-04-27 19:53:52
2025-04-27 19:53:52,166 - INFO - 数据集增强索引定时任务执行于: 2025-04-27 19:53:52
2025-04-27 19:54:22,168 - INFO - 数据集向量索引定时任务执行于: 2025-04-27 19:54:22
2025-04-27 19:54:22,174 - INFO - 数据集增强索引定时任务执行于: 2025-04-27 19:54:22
2025-04-27 19:54:52,175 - INFO - 数据集向量索引定时任务执行于: 2025-04-27 19:54:52
2025-04-27 19:54:52,180 - INFO - 数据集增强索引定时任务执行于: 2025-04-27 19:54:52
2025-04-27 19:55:22,181 - INFO - 数据集向量索引定时任务执行于: 2025-04-27 19:55:22
2025-04-27 19:55:22,182 - INFO - 数据集增强索引定时任务执行于: 2025-04-27 19:55:22
2025-04-27 19:55:52,183 - INFO - 数据集向量索引定时任务执行于: 2025-04-27 19:55:52
2025-04-27 19:55:52,191 - INFO - 数据集增强索引定时任务执行于: 2025-04-27 19:55:52
2025-04-27 19:56:22,192 - INFO - 数据集向量索引定时任务执行于: 2025-04-27 19:56:22
2025-04-27 19:56:22,197 - INFO - 数据集增强索引定时任务执行于: 2025-04-27 19:56:22
2025-04-27 19:56:52,198 - INFO - 数据集向量索引定时任务执行于: 2025-04-27 19:56:52
2025-04-27 19:56:52,201 - INFO - 数据集增强索引定时任务执行于: 2025-04-27 19:56:52
2025-04-27 19:59:34,355 - INFO - 数据库版本一致，不需要升级。
2025-04-27 19:59:34,416 - ERROR - ----app startup----
2025-04-27 19:59:34,416 - INFO - 数据集向量索引定时任务执行于: 2025-04-27 19:59:34
2025-04-27 19:59:34,418 - INFO - 数据集增强索引定时任务执行于: 2025-04-27 19:59:34
2025-04-27 20:00:04,419 - INFO - 数据集向量索引定时任务执行于: 2025-04-27 20:00:04
2025-04-27 20:00:04,421 - INFO - 数据集增强索引定时任务执行于: 2025-04-27 20:00:04
2025-04-27 20:00:34,422 - INFO - 数据集向量索引定时任务执行于: 2025-04-27 20:00:34
2025-04-27 20:00:34,427 - INFO - 数据集增强索引定时任务执行于: 2025-04-27 20:00:34
2025-04-27 20:01:04,428 - INFO - 数据集向量索引定时任务执行于: 2025-04-27 20:01:04
2025-04-27 20:01:04,448 - INFO - 数据集增强索引定时任务执行于: 2025-04-27 20:01:04
2025-04-27 20:01:34,448 - INFO - 数据集向量索引定时任务执行于: 2025-04-27 20:01:34
2025-04-27 20:01:34,453 - INFO - 数据集增强索引定时任务执行于: 2025-04-27 20:01:34
2025-04-27 20:02:04,454 - INFO - 数据集向量索引定时任务执行于: 2025-04-27 20:02:04
2025-04-27 20:02:04,455 - INFO - 数据集增强索引定时任务执行于: 2025-04-27 20:02:04
2025-04-27 20:02:34,457 - INFO - 数据集向量索引定时任务执行于: 2025-04-27 20:02:34
2025-04-27 20:02:34,460 - INFO - 数据集增强索引定时任务执行于: 2025-04-27 20:02:34
2025-04-27 20:03:04,461 - INFO - 数据集向量索引定时任务执行于: 2025-04-27 20:03:04
2025-04-27 20:03:04,465 - INFO - 数据集增强索引定时任务执行于: 2025-04-27 20:03:04
